<?xml version="1.0" encoding="UTF-8"?>
<beans xmlns="http://www.springframework.org/schema/beans"
	xmlns:xsi="http://www.w3.org/2001/XMLSchema-instance" xmlns:jdbc="http://www.springframework.org/schema/jdbc"
	xmlns:context="http://www.springframework.org/schema/context"
	xsi:schemaLocation="http://www.springframework.org/schema/beans
                           http://www.springframework.org/schema/beans/spring-beans.xsd http://www.springframework.org/schema/jdbc http://www.springframework.org/schema/jdbc/spring-jdbc.xsd http://www.springframework.org/schema/context http://www.springframework.org/schema/context/spring-context.xsd">

	<import resource="classpath:net/d80harri/wr/db/application-context.xml" />

	<bean name="providerFactory" class="net.d80harri.wr.db.ProviderFactory">
		<property name="registeredProviders">
			<map>
				<entry value-ref="itemProvider">
					<key>
						<value type="java.lang.Class">net.d80harri.wr.db.model.Item</value>
					</key>
				</entry>
			</map>
		</property>
	</bean>

	<bean name="itemProvider" class="net.d80harri.wr.db.CompositeProvider">
		<constructor-arg>
			<value type="java.lang.Class">net.d80harri.wr.db.model.Item</value>
		</constructor-arg>
		<property name="properties">
			<map>
				<entry key="title">
					<bean class="net.d80harri.wr.db.StringProvider">
					</bean>
				</entry>
			</map>
		</property>
	</bean>



</beans>